<?xml version="1.0" encoding="UTF-8"?>
<testsuite xmlns:xsi="http://www.w3.org/2001/XMLSchema-instance" xsi:noNamespaceSchemaLocation="https://maven.apache.org/surefire/maven-surefire-plugin/xsd/surefire-test-report-3.0.xsd" version="3.0" name="com.example.testingsp.TestingspApplicationTests" time="25.533" tests="1" errors="0" skipped="0" failures="0">
  <properties>
[...]
</properties>
  <testcase name="contextLoads" classname="com.example.testingsp.TestingspApplicationTests" time="1.559">
    <system-out><![CDATA[13:35:04.731 [main] INFO org.springframework.test.context.support.AnnotationConfigContextLoaderUtils -- Could not detect default configuration classes for test class [com.example.testingsp.TestingspApplicationTests]: TestingspApplicationTests does not declare any static, non-private, non-final, nested classes annotated with @Configuration.
13:35:05.206 [main] INFO org.springframework.boot.test.context.SpringBootTestContextBootstrapper -- Found @SpringBootConfiguration com.example.testingsp.TestingspApplication for test class com.example.testingsp.TestingspApplicationTests

  .   ____          _            __ _ _
 /\\ / ___'_ __ _ _(_)_ __  __ _ \ \ \ \
( ( )\___ | '_ | '_| | '_ \/ _` | \ \ \ \
 \\/  ___)| |_)| | | | | || (_| |  ) ) ) )
  '  |____| .__|_| |_|_| |_\__, | / / / /
 =========|_|==============|___/=/_/_/_/
 :: Spring Boot ::                (v3.1.5)

2024-05-22T13:35:07.533+01:00  INFO 26032 --- [           main] c.e.testingsp.TestingspApplicationTests  : Starting TestingspApplicationTests using Java 17.0.9 with PID 26032 (started by DELL in C:\Users\DELL\OneDrive\Bureau\RHAPP\back_server-main)
2024-05-22T13:35:07.537+01:00  INFO 26032 --- [           main] c.e.testingsp.TestingspApplicationTests  : No active profile set, falling back to 1 default profile: "default"
2024-05-22T13:35:09.973+01:00  INFO 26032 --- [           main] .s.d.r.c.RepositoryConfigurationDelegate : Bootstrapping Spring Data JPA repositories in DEFAULT mode.
2024-05-22T13:35:10.213+01:00  INFO 26032 --- [           main] .s.d.r.c.RepositoryConfigurationDelegate : Finished Spring Data repository scanning in 204 ms. Found 8 JPA repository interfaces.
2024-05-22T13:35:11.873+01:00  INFO 26032 --- [           main] o.hibernate.jpa.internal.util.LogHelper  : HHH000204: Processing PersistenceUnitInfo [name: default]
2024-05-22T13:35:12.301+01:00  INFO 26032 --- [           main] org.hibernate.Version                    : HHH000412: Hibernate ORM core version 6.2.13.Final
2024-05-22T13:35:12.313+01:00  INFO 26032 --- [           main] org.hibernate.cfg.Environment            : HHH000406: Using bytecode reflection optimizer
2024-05-22T13:35:13.569+01:00  INFO 26032 --- [           main] o.s.o.j.p.SpringPersistenceUnitInfo      : No LoadTimeWeaver setup: ignoring JPA class transformer
2024-05-22T13:35:13.668+01:00  INFO 26032 --- [           main] com.zaxxer.hikari.HikariDataSource       : HikariPool-1 - Starting...
2024-05-22T13:35:14.933+01:00  INFO 26032 --- [           main] com.zaxxer.hikari.pool.HikariPool        : HikariPool-1 - Added connection com.mysql.cj.jdbc.ConnectionImpl@701d2b59
2024-05-22T13:35:14.940+01:00  INFO 26032 --- [           main] com.zaxxer.hikari.HikariDataSource       : HikariPool-1 - Start completed.
2024-05-22T13:35:15.188+01:00  WARN 26032 --- [           main] org.hibernate.dialect.Dialect            : HHH000511: The 5.5.0 version for [org.hibernate.dialect.MySQLDialect] is no longer supported, hence certain features may not work properly. The minimum supported version is 5.7.0. Check the community dialects project for available legacy versions.
2024-05-22T13:35:18.363+01:00  INFO 26032 --- [           main] o.h.e.t.j.p.i.JtaPlatformInitiator       : HHH000489: No JTA platform available (set 'hibernate.transaction.jta.platform' to enable JTA platform integration)
2024-05-22T13:35:21.311+01:00  INFO 26032 --- [           main] j.LocalContainerEntityManagerFactoryBean : Initialized JPA EntityManagerFactory for persistence unit 'default'
2024-05-22T13:35:22.489+01:00  INFO 26032 --- [           main] o.s.d.j.r.query.QueryEnhancerFactory     : Hibernate is in classpath; If applicable, HQL parser will be used.
2024-05-22T13:35:25.167+01:00  WARN 26032 --- [           main] JpaBaseConfiguration$JpaWebConfiguration : spring.jpa.open-in-view is enabled by default. Therefore, database queries may be performed during view rendering. Explicitly configure spring.jpa.open-in-view to disable this warning
2024-05-22T13:35:26.666+01:00  INFO 26032 --- [           main] o.s.s.web.DefaultSecurityFilterChain     : Will secure any request with [org.springframework.security.web.session.DisableEncodeUrlFilter@ffd26d1, org.springframework.security.web.context.request.async.WebAsyncManagerIntegrationFilter@7dfc0fda, org.springframework.security.web.context.SecurityContextHolderFilter@3f02dc34, org.springframework.security.web.header.HeaderWriterFilter@2ca2fcb5, org.springframework.web.filter.CorsFilter@775c865f, org.springframework.security.web.authentication.logout.LogoutFilter@4ebf82d9, org.springframework.security.oauth2.server.resource.web.authentication.BearerTokenAuthenticationFilter@5e4a9c16, org.springframework.security.web.savedrequest.RequestCacheAwareFilter@6e211727, org.springframework.security.web.servletapi.SecurityContextHolderAwareRequestFilter@72a1ccad, org.springframework.security.web.authentication.AnonymousAuthenticationFilter@5410bbdf, org.springframework.security.web.session.SessionManagementFilter@219c32e3, org.springframework.security.web.access.ExceptionTranslationFilter@549561ab, org.springframework.security.web.access.intercept.AuthorizationFilter@2b35976a]
2024-05-22T13:35:27.896+01:00  INFO 26032 --- [           main] c.e.testingsp.TestingspApplicationTests  : Started TestingspApplicationTests in 21.904 seconds (process running for 26.312)
]]></system-out>
  </testcase>
</testsuite>